<?xml version="1.0" encoding="UTF-8"?>
<!-- Generated by org.testng.reporters.JUnitXMLReporter -->
<testsuite ignored="0" hostname="DESKTOP-MQRDEJF" failures="1" tests="2" name="Surefire test" time="17.036" errors="0" timestamp="2023-11-13T20:36:36 ART">
  <testcase classname="tests.SwapiTest" name="PeopleElementsTest" time="7.57"/>
  <testcase classname="tests.SwapiTest" name="PeopleEndpointTest" time="0.248">
    <failure type="java.lang.AssertionError" message="expected [fair] but found [gold]">
      <![CDATA[java.lang.AssertionError: expected [fair] but found [gold]
at tests.SwapiTest.PeopleEndpointTest(SwapiTest.java:45)
at java.base/java.util.ArrayList.forEach(ArrayList.java:1511)
... Removed 36 stack frames]]>
    </failure>
  </testcase> <!-- PeopleEndpointTest -->
</testsuite> <!-- Surefire test -->
