<?xml version="1.0" encoding="UTF-8"?>
<testsuite xmlns:xsi="http://www.w3.org/2001/XMLSchema-instance" xsi:noNamespaceSchemaLocation="https://maven.apache.org/surefire/maven-surefire-plugin/xsd/surefire-test-report-3.0.xsd" version="3.0" name="test.SwapiTest" time="15.379" tests="1" errors="0" skipped="0" failures="0">
  <properties>
[...]
</properties>
  <testcase name="PeopleEndpointTest" classname="test.SwapiTest" time="1.739">
    <system-out><![CDATA[People{name='C-3PO', height='167', mass='75', hair_color='n/a', skin_color='gold', eye_color='yellow', birth_year='112BBY', gender='n/a', homeworld='https://swapi.dev/api/planets/1/', films=[https://swapi.dev/api/films/1/, https://swapi.dev/api/films/2/, https://swapi.dev/api/films/3/, https://swapi.dev/api/films/4/, https://swapi.dev/api/films/5/, https://swapi.dev/api/films/6/], species=[https://swapi.dev/api/species/2/], vehicles=[], starships=[], created='2014-12-10T15:10:51.357000Z', edited='2014-12-20T21:17:50.309000Z', url='https://swapi.dev/api/people/2/'}
]]></system-out>
    <system-err><![CDATA[SLF4J: Failed to load class "org.slf4j.impl.StaticLoggerBinder".
SLF4J: Defaulting to no-operation (NOP) logger implementation
SLF4J: See http://www.slf4j.org/codes.html#StaticLoggerBinder for further details.
]]></system-err>
  </testcase>
</testsuite>